Invalid HTTP_HOST header: 'gb-back.info'. You may need to add 'gb-back.info' to ALLOWED_HOSTS.
Traceback (most recent call last):
  File "/home/gbbackin/virtualenv/bheem/3.9/lib/python3.9/site-packages/django/core/handlers/exception.py", line 55, in inner
    response = get_response(request)
  File "/home/gbbackin/virtualenv/bheem/3.9/lib/python3.9/site-packages/django/utils/deprecation.py", line 133, in __call__
    response = self.process_request(request)
  File "/home/gbbackin/virtualenv/bheem/3.9/lib/python3.9/site-packages/django/middleware/common.py", line 48, in process_request
    host = request.get_host()
  File "/home/gbbackin/virtualenv/bheem/3.9/lib/python3.9/site-packages/django/http/request.py", line 150, in get_host
    raise DisallowedHost(msg)
django.core.exceptions.DisallowedHost: Invalid HTTP_HOST header: 'gb-back.info'. You may need to add 'gb-back.info' to ALLOWED_HOSTS.
Bad Request: /
[UID:1665][70356] Reached max children process limit: 6, extra: 2, current: 8, busy: 8, please increase LSAPI_CHILDREN.
[UID:1665][70356] Reached max children process limit: 6, extra: 2, current: 8, busy: 8, please increase LSAPI_CHILDREN.
[UID:1665][70356] Reached max children process limit: 6, extra: 2, current: 8, busy: 8, please increase LSAPI_CHILDREN.
[UID:1665][70356] Reached max children process limit: 6, extra: 2, current: 8, busy: 8, please increase LSAPI_CHILDREN.
[UID:1665][70356] Reached max children process limit: 6, extra: 2, current: 8, busy: 8, please increase LSAPI_CHILDREN.
[UID:1665][70356] Reached max children process limit: 6, extra: 2, current: 8, busy: 8, please increase LSAPI_CHILDREN.
[UID:1665][70356] Reached max children process limit: 6, extra: 2, current: 8, busy: 8, please increase LSAPI_CHILDREN.
[UID:1665][70356] Reached max children process limit: 6, extra: 2, current: 8, busy: 8, please increase LSAPI_CHILDREN.
[UID:1665][70356] Reached max children process limit: 6, extra: 2, current: 8, busy: 8, please increase LSAPI_CHILDREN.
[UID:1665][70356] Reached max children process limit: 6, extra: 2, current: 8, busy: 8, please increase LSAPI_CHILDREN.
[UID:1665][70356] Reached max children process limit: 6, extra: 2, current: 8, busy: 8, please increase LSAPI_CHILDREN.
[UID:1665][70356] Reached max children process limit: 6, extra: 2, current: 8, busy: 8, please increase LSAPI_CHILDREN.
[UID:1665][70356] Reached max children process limit: 6, extra: 2, current: 8, busy: 8, please increase LSAPI_CHILDREN.
[UID:1665][70356] Reached max children process limit: 6, extra: 2, current: 8, busy: 8, please increase LSAPI_CHILDREN.
[UID:1665][70356] Reached max children process limit: 6, extra: 2, current: 8, busy: 8, please increase LSAPI_CHILDREN.
[UID:1665][70356] Reached max children process limit: 6, extra: 2, current: 8, busy: 8, please increase LSAPI_CHILDREN.
[UID:1665][70356] Reached max children process limit: 6, extra: 2, current: 8, busy: 8, please increase LSAPI_CHILDREN.
[UID:1665][70356] Reached max children process limit: 6, extra: 2, current: 8, busy: 8, please increase LSAPI_CHILDREN.
[UID:1665][70356] Reached max children process limit: 6, extra: 2, current: 8, busy: 8, please increase LSAPI_CHILDREN.
[UID:1665][70356] Reached max children process limit: 6, extra: 2, current: 8, busy: 8, please increase LSAPI_CHILDREN.
[UID:1665][70356] Reached max children process limit: 6, extra: 2, current: 8, busy: 7, please increase LSAPI_CHILDREN.
[UID:1665][70356] Child process with pid: 79504 was killed by signal: 15, core dumped: no
[UID:1665][70356] Child process with pid: 477551 was killed by signal: 15, core dumped: no
[UID:1665][1373948] Child process with pid: 3657221 was killed by signal: 15, core dumped: no
[UID:1665][8364] Reached max children process limit: 6, extra: 2, current: 8, busy: 6, please increase LSAPI_CHILDREN.
[UID:1665][8364] Reached max children process limit: 6, extra: 2, current: 8, busy: 8, please increase LSAPI_CHILDREN.
[UID:1665][8364] Reached max children process limit: 6, extra: 2, current: 8, busy: 8, please increase LSAPI_CHILDREN.
[UID:1665][8364] Reached max children process limit: 6, extra: 2, current: 8, busy: 8, please increase LSAPI_CHILDREN.
[UID:1665][8364] Reached max children process limit: 6, extra: 2, current: 8, busy: 8, please increase LSAPI_CHILDREN.
[UID:1665][8364] Reached max children process limit: 6, extra: 2, current: 8, busy: 8, please increase LSAPI_CHILDREN.
[UID:1665][8364] Reached max children process limit: 6, extra: 2, current: 8, busy: 8, please increase LSAPI_CHILDREN.
[UID:1665][8364] Reached max children process limit: 6, extra: 2, current: 8, busy: 8, please increase LSAPI_CHILDREN.
[UID:1665][8364] Reached max children process limit: 6, extra: 2, current: 8, busy: 7, please increase LSAPI_CHILDREN.
[UID:1665][178957] Reached max children process limit: 6, extra: 2, current: 8, busy: 7, please increase LSAPI_CHILDREN.
[UID:1665][178957] Reached max children process limit: 6, extra: 2, current: 8, busy: 8, please increase LSAPI_CHILDREN.
[UID:1665][178957] Reached max children process limit: 6, extra: 2, current: 8, busy: 8, please increase LSAPI_CHILDREN.
[UID:1665][178957] Reached max children process limit: 6, extra: 2, current: 8, busy: 8, please increase LSAPI_CHILDREN.
[UID:1665][178957] Reached max children process limit: 6, extra: 2, current: 8, busy: 8, please increase LSAPI_CHILDREN.
[UID:1665][178957] Reached max children process limit: 6, extra: 2, current: 8, busy: 8, please increase LSAPI_CHILDREN.
[UID:1665][178957] Reached max children process limit: 6, extra: 2, current: 8, busy: 8, please increase LSAPI_CHILDREN.
[UID:1665][178957] Reached max children process limit: 6, extra: 2, current: 8, busy: 8, please increase LSAPI_CHILDREN.
[UID:1665][178957] Reached max children process limit: 6, extra: 2, current: 8, busy: 8, please increase LSAPI_CHILDREN.
[UID:1665][178957] Reached max children process limit: 6, extra: 2, current: 8, busy: 8, please increase LSAPI_CHILDREN.
[UID:1665][178957] Reached max children process limit: 6, extra: 2, current: 8, busy: 8, please increase LSAPI_CHILDREN.
[UID:1665][178957] Reached max children process limit: 6, extra: 2, current: 8, busy: 8, please increase LSAPI_CHILDREN.
[UID:1665][178957] Reached max children process limit: 6, extra: 2, current: 8, busy: 8, please increase LSAPI_CHILDREN.
[UID:1665][178957] Reached max children process limit: 6, extra: 2, current: 8, busy: 8, please increase LSAPI_CHILDREN.
[UID:1665][178957] Reached max children process limit: 6, extra: 2, current: 8, busy: 8, please increase LSAPI_CHILDREN.
[UID:1665][178957] Reached max children process limit: 6, extra: 2, current: 8, busy: 8, please increase LSAPI_CHILDREN.
[UID:1665][178957] Reached max children process limit: 6, extra: 2, current: 8, busy: 8, please increase LSAPI_CHILDREN.
[UID:1665][178957] Reached max children process limit: 6, extra: 2, current: 8, busy: 8, please increase LSAPI_CHILDREN.
[UID:1665][178957] Reached max children process limit: 6, extra: 2, current: 8, busy: 8, please increase LSAPI_CHILDREN.
[UID:1665][178957] Reached max children process limit: 6, extra: 2, current: 8, busy: 8, please increase LSAPI_CHILDREN.
[UID:1665][178957] Reached max children process limit: 6, extra: 2, current: 8, busy: 8, please increase LSAPI_CHILDREN.
[UID:1665][178957] Reached max children process limit: 6, extra: 2, current: 8, busy: 8, please increase LSAPI_CHILDREN.
[UID:1665][178957] Reached max children process limit: 6, extra: 2, current: 8, busy: 8, please increase LSAPI_CHILDREN.
[UID:1665][178957] Child process with pid: 589001 was killed by signal: 15, core dumped: no
[UID:1665][1677903] Reached max children process limit: 6, extra: 2, current: 8, busy: 7, please increase LSAPI_CHILDREN.
[UID:1665][1677903] Reached max children process limit: 6, extra: 2, current: 8, busy: 8, please increase LSAPI_CHILDREN.
[UID:1665][1677903] Reached max children process limit: 6, extra: 2, current: 8, busy: 8, please increase LSAPI_CHILDREN.
[UID:1665][1677903] Reached max children process limit: 6, extra: 2, current: 8, busy: 8, please increase LSAPI_CHILDREN.
[UID:1665][1677903] Reached max children process limit: 6, extra: 2, current: 8, busy: 8, please increase LSAPI_CHILDREN.
[UID:1665][1677903] Reached max children process limit: 6, extra: 2, current: 8, busy: 8, please increase LSAPI_CHILDREN.
[UID:1665][1677903] Reached max children process limit: 6, extra: 2, current: 8, busy: 8, please increase LSAPI_CHILDREN.
[UID:1665][1677903] Reached max children process limit: 6, extra: 2, current: 8, busy: 8, please increase LSAPI_CHILDREN.
[UID:1665][1677903] Reached max children process limit: 6, extra: 2, current: 8, busy: 8, please increase LSAPI_CHILDREN.
[UID:1665][1677903] Reached max children process limit: 6, extra: 2, current: 8, busy: 8, please increase LSAPI_CHILDREN.
[UID:1665][1677903] Reached max children process limit: 6, extra: 2, current: 8, busy: 8, please increase LSAPI_CHILDREN.
[UID:1665][1677903] Reached max children process limit: 6, extra: 2, current: 8, busy: 8, please increase LSAPI_CHILDREN.
[UID:1665][1677903] Reached max children process limit: 6, extra: 2, current: 8, busy: 8, please increase LSAPI_CHILDREN.
[UID:1665][1677903] Reached max children process limit: 6, extra: 2, current: 8, busy: 8, please increase LSAPI_CHILDREN.
[UID:1665][1677903] Reached max children process limit: 6, extra: 2, current: 8, busy: 8, please increase LSAPI_CHILDREN.
[UID:1665][1677903] Reached max children process limit: 6, extra: 2, current: 8, busy: 8, please increase LSAPI_CHILDREN.
[UID:1665][1677903] Reached max children process limit: 6, extra: 2, current: 8, busy: 8, please increase LSAPI_CHILDREN.
[UID:1665][1677903] Reached max children process limit: 6, extra: 2, current: 8, busy: 8, please increase LSAPI_CHILDREN.
[UID:1665][1677903] Reached max children process limit: 6, extra: 2, current: 8, busy: 8, please increase LSAPI_CHILDREN.
[UID:1665][1677903] Reached max children process limit: 6, extra: 2, current: 8, busy: 8, please increase LSAPI_CHILDREN.
[UID:1665][1677903] Reached max children process limit: 6, extra: 2, current: 8, busy: 8, please increase LSAPI_CHILDREN.
[UID:1665][1831801] Child process with pid: 2721120 was killed by signal: 15, core dumped: no
[UID:1665][1831801] Child process with pid: 2728420 was killed by signal: 15, core dumped: no
[UID:1665][1831801] Child process with pid: 2811958 was killed by signal: 15, core dumped: no
[UID:1665][1831801] Child process with pid: 1972968 was killed by signal: 15, core dumped: no
[UID:1665][1831801] Child process with pid: 2021981 was killed by signal: 15, core dumped: no
[UID:1665][1831801] Child process with pid: 2800540 was killed by signal: 15, core dumped: no
[UID:1665][3911949] Child process with pid: 2188663 was killed by signal: 15, core dumped: no
[UID:1665][3911949] Child process with pid: 2311515 was killed by signal: 15, core dumped: no
[UID:1665][3911949] Child process with pid: 2365895 was killed by signal: 15, core dumped: no
[UID:1665][3911949] Child process with pid: 3533787 was killed by signal: 15, core dumped: no
Traceback (most recent call last):
  File "/home/kumarsh0/kumar/passenger_wsgi.py", line 1, in <module>
    from mysite.wsgi import application
  File "/home/kumarsh0/kumar/mysite/wsgi.py", line 12, in <module>
    from django.core.wsgi import get_wsgi_application
ModuleNotFoundError: No module named 'django'
Traceback (most recent call last):
  File "/home/kumarsh0/kumar/passenger_wsgi.py", line 1, in <module>
    from mysite.wsgi import application
  File "/home/kumarsh0/kumar/mysite/wsgi.py", line 12, in <module>
    from django.core.wsgi import get_wsgi_application
ModuleNotFoundError: No module named 'django'
[UID:3031][1630978] Child process with pid: 1631019 was killed by signal: 15, core dumped: no
Traceback (most recent call last):
  File "/home/kumarsh0/kumar/passenger_wsgi.py", line 1, in <module>
    from mysite.wsgi import application
  File "/home/kumarsh0/kumar/mysite/wsgi.py", line 12, in <module>
    from django.core.wsgi import get_wsgi_application
ModuleNotFoundError: No module named 'django'
[UID:3031][1630978] Child process with pid: 1631021 was killed by signal: 15, core dumped: no
Traceback (most recent call last):
  File "/home/kumarsh0/kumar/passenger_wsgi.py", line 1, in <module>
    from mysite.wsgi import application
  File "/home/kumarsh0/kumar/mysite/wsgi.py", line 12, in <module>
    from django.core.wsgi import get_wsgi_application
ModuleNotFoundError: No module named 'django'
Traceback (most recent call last):
  File "/home/kumarsh0/kumar/passenger_wsgi.py", line 1, in <module>
    from mysite.wsgi import application
  File "/home/kumarsh0/kumar/mysite/wsgi.py", line 12, in <module>
    from django.core.wsgi import get_wsgi_application
ModuleNotFoundError: No module named 'django'
[UID:3031][1636562] Child process with pid: 1636592 was killed by signal: 15, core dumped: no
Traceback (most recent call last):
  File "/home/kumarsh0/kumar/passenger_wsgi.py", line 1, in <module>
    from mysite.wsgi import application
  File "/home/kumarsh0/kumar/mysite/wsgi.py", line 12, in <module>
    from django.core.wsgi import get_wsgi_application
ModuleNotFoundError: No module named 'django'
[UID:3031][1636562] Child process with pid: 1636598 was killed by signal: 15, core dumped: no
Traceback (most recent call last):
  File "/home/diwalish/kaju/passenger_wsgi.py", line 1, in <module>
    from mysite.wsgi import application
  File "/home/diwalish/kaju/mysite/wsgi.py", line 12, in <module>
    from django.core.wsgi import get_wsgi_application
ModuleNotFoundError: No module named 'django'
Traceback (most recent call last):
  File "/home/diwalish/kaju/passenger_wsgi.py", line 1, in <module>
    from mysite.wsgi import application
  File "/home/diwalish/kaju/mysite/wsgi.py", line 12, in <module>
    from django.core.wsgi import get_wsgi_application
ModuleNotFoundError: No module named 'django'
[UID:1638][1997932] Child process with pid: 1997940 was killed by signal: 15, core dump: 0
Traceback (most recent call last):
  File "/home/diwalish/kaju/passenger_wsgi.py", line 1, in <module>
    from mysite.wsgi import application
  File "/home/diwalish/kaju/mysite/wsgi.py", line 12, in <module>
    from django.core.wsgi import get_wsgi_application
ModuleNotFoundError: No module named 'django'
[UID:1638][1997932] Child process with pid: 1997941 was killed by signal: 15, core dump: 0
OSError: LSAPI: Socket read/write error
[UID:1638][2019935] Reached max children process limit: 6, extra: 2, current: 8, busy: 8, please increase LSAPI_CHILDREN.
[UID:1638][2019935] Reached max children process limit: 6, extra: 2, current: 8, busy: 8, please increase LSAPI_CHILDREN.
[UID:1638][2019935] Reached max children process limit: 6, extra: 2, current: 8, busy: 8, please increase LSAPI_CHILDREN.
[UID:1638][2019935] Reached max children process limit: 6, extra: 2, current: 8, busy: 8, please increase LSAPI_CHILDREN.
[UID:1638][2019935] Reached max children process limit: 6, extra: 2, current: 8, busy: 8, please increase LSAPI_CHILDREN.
[UID:1638][2019935] Reached max children process limit: 6, extra: 2, current: 8, busy: 8, please increase LSAPI_CHILDREN.
[UID:1638][2019935] Reached max children process limit: 6, extra: 2, current: 8, busy: 8, please increase LSAPI_CHILDREN.
[UID:1638][2019935] Reached max children process limit: 6, extra: 2, current: 8, busy: 8, please increase LSAPI_CHILDREN.
[UID:1638][2019935] Reached max children process limit: 6, extra: 2, current: 8, busy: 8, please increase LSAPI_CHILDREN.
[UID:1638][2019935] Reached max children process limit: 6, extra: 2, current: 8, busy: 8, please increase LSAPI_CHILDREN.
[UID:1638][2019935] Reached max children process limit: 6, extra: 2, current: 8, busy: 8, please increase LSAPI_CHILDREN.
[UID:1638][2019935] Reached max children process limit: 6, extra: 2, current: 8, busy: 8, please increase LSAPI_CHILDREN.
[UID:1638][2019935] Reached max children process limit: 6, extra: 2, current: 8, busy: 7, please increase LSAPI_CHILDREN.
[UID:1638][2019935] Reached max children process limit: 6, extra: 2, current: 8, busy: 8, please increase LSAPI_CHILDREN.
[UID:1638][2019935] Reached max children process limit: 6, extra: 2, current: 8, busy: 8, please increase LSAPI_CHILDREN.
[UID:1638][2019935] Reached max children process limit: 6, extra: 2, current: 8, busy: 8, please increase LSAPI_CHILDREN.
[UID:1638][2019935] Reached max children process limit: 6, extra: 2, current: 8, busy: 8, please increase LSAPI_CHILDREN.
[UID:1638][2019935] Reached max children process limit: 6, extra: 2, current: 8, busy: 8, please increase LSAPI_CHILDREN.
[UID:1638][2019935] Reached max children process limit: 6, extra: 2, current: 8, busy: 8, please increase LSAPI_CHILDREN.
[UID:1638][2019935] Reached max children process limit: 6, extra: 2, current: 8, busy: 8, please increase LSAPI_CHILDREN.
[UID:1638][2019935] Reached max children process limit: 6, extra: 2, current: 8, busy: 8, please increase LSAPI_CHILDREN.
[UID:1638][2019935] Reached max children process limit: 6, extra: 2, current: 8, busy: 8, please increase LSAPI_CHILDREN.
[UID:1638][2371577] Reached max children process limit: 6, extra: 2, current: 8, busy: 8, please increase LSAPI_CHILDREN.
[UID:1638][2371577] Reached max children process limit: 6, extra: 2, current: 8, busy: 8, please increase LSAPI_CHILDREN.
[UID:1638][2371577] Reached max children process limit: 6, extra: 2, current: 8, busy: 8, please increase LSAPI_CHILDREN.
[UID:1638][2371577] Reached max children process limit: 6, extra: 2, current: 8, busy: 8, please increase LSAPI_CHILDREN.
[UID:1638][2371577] Reached max children process limit: 6, extra: 2, current: 8, busy: 8, please increase LSAPI_CHILDREN.
[UID:1638][2371577] Reached max children process limit: 6, extra: 2, current: 8, busy: 8, please increase LSAPI_CHILDREN.
[UID:1638][2371577] Reached max children process limit: 6, extra: 2, current: 8, busy: 8, please increase LSAPI_CHILDREN.
[UID:1638][2371577] Reached max children process limit: 6, extra: 2, current: 8, busy: 8, please increase LSAPI_CHILDREN.
[UID:1638][2371577] Reached max children process limit: 6, extra: 2, current: 8, busy: 8, please increase LSAPI_CHILDREN.
[UID:1638][2371577] Reached max children process limit: 6, extra: 2, current: 8, busy: 8, please increase LSAPI_CHILDREN.
[UID:1638][2371577] Reached max children process limit: 6, extra: 2, current: 8, busy: 8, please increase LSAPI_CHILDREN.
[UID:1638][2371577] Reached max children process limit: 6, extra: 2, current: 8, busy: 8, please increase LSAPI_CHILDREN.
[UID:1638][2371577] Reached max children process limit: 6, extra: 2, current: 8, busy: 8, please increase LSAPI_CHILDREN.
[UID:1638][2371577] Reached max children process limit: 6, extra: 2, current: 8, busy: 8, please increase LSAPI_CHILDREN.
[UID:1638][2371577] Reached max children process limit: 6, extra: 2, current: 8, busy: 8, please increase LSAPI_CHILDREN.
[UID:1638][2371577] Reached max children process limit: 6, extra: 2, current: 8, busy: 8, please increase LSAPI_CHILDREN.
[UID:1638][2371577] Reached max children process limit: 6, extra: 2, current: 8, busy: 8, please increase LSAPI_CHILDREN.
[UID:1638][2371577] Reached max children process limit: 6, extra: 2, current: 8, busy: 8, please increase LSAPI_CHILDREN.
[UID:1638][2371577] Reached max children process limit: 6, extra: 2, current: 8, busy: 8, please increase LSAPI_CHILDREN.
[UID:1638][2371577] Reached max children process limit: 6, extra: 2, current: 8, busy: 8, please increase LSAPI_CHILDREN.
[UID:1638][2371577] Reached max children process limit: 6, extra: 2, current: 8, busy: 8, please increase LSAPI_CHILDREN.
[UID:1638][2371577] Reached max children process limit: 6, extra: 2, current: 8, busy: 8, please increase LSAPI_CHILDREN.
[UID:1638][2371577] Reached max children process limit: 6, extra: 2, current: 8, busy: 7, please increase LSAPI_CHILDREN.
[UID:1638][2371577] Reached max children process limit: 6, extra: 2, current: 8, busy: 7, please increase LSAPI_CHILDREN.
[UID:1638][2422508] Reached max children process limit: 6, extra: 2, current: 8, busy: 8, please increase LSAPI_CHILDREN.
[UID:1638][2422508] Reached max children process limit: 6, extra: 2, current: 8, busy: 8, please increase LSAPI_CHILDREN.
[UID:1638][2422508] Reached max children process limit: 6, extra: 2, current: 8, busy: 8, please increase LSAPI_CHILDREN.
[UID:1638][2422508] Reached max children process limit: 6, extra: 2, current: 8, busy: 8, please increase LSAPI_CHILDREN.
[UID:1638][2422508] Reached max children process limit: 6, extra: 2, current: 8, busy: 8, please increase LSAPI_CHILDREN.
[UID:1638][2422508] Reached max children process limit: 6, extra: 2, current: 8, busy: 8, please increase LSAPI_CHILDREN.
[UID:1638][2422508] Reached max children process limit: 6, extra: 2, current: 8, busy: 8, please increase LSAPI_CHILDREN.
[UID:1638][2422508] Reached max children process limit: 6, extra: 2, current: 8, busy: 8, please increase LSAPI_CHILDREN.
[UID:1638][2422508] Reached max children process limit: 6, extra: 2, current: 8, busy: 8, please increase LSAPI_CHILDREN.
[UID:1638][2422508] Reached max children process limit: 6, extra: 2, current: 8, busy: 8, please increase LSAPI_CHILDREN.
[UID:1638][2422508] Reached max children process limit: 6, extra: 2, current: 8, busy: 8, please increase LSAPI_CHILDREN.
[UID:1638][2422508] Reached max children process limit: 6, extra: 2, current: 8, busy: 8, please increase LSAPI_CHILDREN.
[UID:1638][2422508] Reached max children process limit: 6, extra: 2, current: 8, busy: 8, please increase LSAPI_CHILDREN.
[UID:1638][2422508] Reached max children process limit: 6, extra: 2, current: 8, busy: 8, please increase LSAPI_CHILDREN.
[UID:1638][2422508] Reached max children process limit: 6, extra: 2, current: 8, busy: 8, please increase LSAPI_CHILDREN.
[UID:1638][2422508] Reached max children process limit: 6, extra: 2, current: 8, busy: 8, please increase LSAPI_CHILDREN.
[UID:1638][2422508] Reached max children process limit: 6, extra: 2, current: 8, busy: 8, please increase LSAPI_CHILDREN.
[UID:1638][2422508] Reached max children process limit: 6, extra: 2, current: 8, busy: 8, please increase LSAPI_CHILDREN.
[UID:1638][2422508] Reached max children process limit: 6, extra: 2, current: 8, busy: 8, please increase LSAPI_CHILDREN.
[UID:1638][2422508] Reached max children process limit: 6, extra: 2, current: 8, busy: 8, please increase LSAPI_CHILDREN.
[UID:1638][2422508] Reached max children process limit: 6, extra: 2, current: 8, busy: 8, please increase LSAPI_CHILDREN.
[UID:1638][2422508] Reached max children process limit: 6, extra: 2, current: 8, busy: 8, please increase LSAPI_CHILDREN.
[UID:1638][2422508] Reached max children process limit: 6, extra: 2, current: 8, busy: 7, please increase LSAPI_CHILDREN.
[UID:1638][2422508] Reached max children process limit: 6, extra: 2, current: 8, busy: 7, please increase LSAPI_CHILDREN.
OSError: LSAPI: Socket read/write error
OSError: LSAPI: Socket read/write error
OSError: LSAPI: Socket read/write error
OSError: LSAPI: Socket read/write error
OSError: LSAPI: Socket read/write error
OSError: LSAPI: Socket read/write error
OSError: LSAPI: Socket read/write error
[UID:1638][2717636] Child process with pid: 3288251 was killed by signal: 15, core dump: 0
OSError: LSAPI: Socket read/write error
OSError: LSAPI: Socket read/write error
OSError: LSAPI: Socket read/write error
[UID:1638][3701202] Child process with pid: 3813828 was killed by signal: 15, core dump: 0
OSError: LSAPI: Socket read/write error
OSError: LSAPI: Socket read/write error
OSError: LSAPI: Socket read/write error
OSError: LSAPI: Socket read/write error
OSError: LSAPI: Socket read/write error
[UID:1638][4049420] Child process with pid: 4158984 was killed by signal: 15, core dump: 0
[UID:1638][4049420] Child process with pid: 4167843 was killed by signal: 15, core dump: 0
[UID:1638][4049420] Child process with pid: 4181566 was killed by signal: 15, core dump: 0
OSError: LSAPI: Socket read/write error
OSError: LSAPI: Socket read/write error
OSError: LSAPI: Socket read/write error
[UID:1638][100942] Child process with pid: 168306 was killed by signal: 15, core dump: 0
[UID:1638][100942] Child process with pid: 199443 was killed by signal: 15, core dump: 0
[UID:1638][100942] Child process with pid: 228153 was killed by signal: 15, core dump: 0
OSError: LSAPI: Socket read/write error
OSError: LSAPI: Socket read/write error
[UID:1638][100942] Child process with pid: 258191 was killed by signal: 15, core dump: 0
[UID:1638][100942] Child process with pid: 260250 was killed by signal: 15, core dump: 0
OSError: LSAPI: Socket read/write error
[UID:1638][100942] Child process with pid: 294902 was killed by signal: 15, core dump: 0
OSError: LSAPI: Socket read/write error
OSError: LSAPI: Socket read/write error
OSError: LSAPI: Socket read/write error
[UID:1638][100942] Reached max children process limit: 6, extra: 2, current: 8, busy: 8, please increase LSAPI_CHILDREN.
[UID:1638][100942] Reached max children process limit: 6, extra: 2, current: 8, busy: 8, please increase LSAPI_CHILDREN.
[UID:1638][414235] Child process with pid: 416374 was killed by signal: 15, core dump: 0
OSError: LSAPI: Socket read/write error
[UID:1638][414235] Child process with pid: 446183 was killed by signal: 15, core dump: 0
OSError: LSAPI: Socket read/write error
[UID:1638][472632] Child process with pid: 509882 was killed by signal: 15, core dump: 0
OSError: LSAPI: Socket read/write error
[UID:1638][472632] Child process with pid: 522537 was killed by signal: 15, core dump: 0
OSError: LSAPI: Socket read/write error
OSError: LSAPI: Socket read/write error
OSError: LSAPI: Socket read/write error
OSError: LSAPI: Socket read/write error
OSError: LSAPI: Socket read/write error
[UID:1638][472632] Child process with pid: 523358 was killed by signal: 15, core dump: 0
[UID:1638][472632] Child process with pid: 548992 was killed by signal: 15, core dump: 0
[UID:1638][472632] Child process with pid: 595303 was killed by signal: 15, core dump: 0
[UID:1638][472632] Child process with pid: 612374 was killed by signal: 15, core dump: 0
[UID:1638][472632] Child process with pid: 651351 was killed by signal: 15, core dump: 0
[UID:1638][472632] Child process with pid: 645965 was killed by signal: 15, core dump: 0
[UID:1638][472632] Child process with pid: 668029 was killed by signal: 15, core dump: 0
OSError: LSAPI: Socket read/write error
OSError: LSAPI: Socket read/write error
OSError: LSAPI: Socket read/write error
[UID:1638][472632] Child process with pid: 714944 was killed by signal: 15, core dump: 0
OSError: LSAPI: Socket read/write error
OSError: LSAPI: Socket read/write error
OSError: LSAPI: Socket read/write error
OSError: LSAPI: Socket read/write error
[UID:1638][472632] Child process with pid: 766053 was killed by signal: 15, core dump: 0
OSError: LSAPI: Socket read/write error
OSError: LSAPI: Socket read/write error
OSError: LSAPI: Socket read/write error
[UID:1638][472632] Child process with pid: 808869 was killed by signal: 15, core dump: 0
OSError: LSAPI: Socket read/write error
[UID:1638][472632] Child process with pid: 812770 was killed by signal: 15, core dump: 0
OSError: LSAPI: Socket read/write error
[UID:1638][472632] Child process with pid: 832375 was killed by signal: 15, core dump: 0
OSError: LSAPI: Socket read/write error
OSError: LSAPI: Socket read/write error
OSError: LSAPI: Socket read/write error
OSError: LSAPI: Socket read/write error
OSError: LSAPI: Socket read/write error
OSError: LSAPI: Socket read/write error
[UID:1638][472632] Child process with pid: 867486 was killed by signal: 15, core dump: 0
OSError: LSAPI: Socket read/write error
OSError: LSAPI: Socket read/write error
OSError: LSAPI: Socket read/write error
[UID:1638][472632] Child process with pid: 887569 was killed by signal: 15, core dump: 0
OSError: LSAPI: Socket read/write error
OSError: LSAPI: Socket read/write error
OSError: LSAPI: Socket read/write error
[UID:1638][472632] Child process with pid: 905085 was killed by signal: 15, core dump: 0
OSError: LSAPI: Socket read/write error
OSError: LSAPI: Socket read/write error
OSError: LSAPI: Socket read/write error
OSError: LSAPI: Socket read/write error
OSError: LSAPI: Socket read/write error
OSError: LSAPI: Socket read/write error
[UID:1638][472632] Child process with pid: 958187 was killed by signal: 15, core dump: 0
OSError: LSAPI: Socket read/write error
[UID:1638][472632] Child process with pid: 978023 was killed by signal: 15, core dump: 0
[UID:1638][472632] Child process with pid: 980499 was killed by signal: 15, core dump: 0
[UID:1638][472632] Child process with pid: 980535 was killed by signal: 15, core dump: 0
[UID:1638][472632] Child process with pid: 980538 was killed by signal: 15, core dump: 0
[UID:1638][472632] Child process with pid: 980539 was killed by signal: 15, core dump: 0
[UID:1638][472632] Child process with pid: 980554 was killed by signal: 15, core dump: 0
[UID:1638][472632] Child process with pid: 985462 was killed by signal: 15, core dump: 0
OSError: LSAPI: Socket read/write error
OSError: LSAPI: Socket read/write error
OSError: LSAPI: Socket read/write error
OSError: LSAPI: Socket read/write error
OSError: LSAPI: Socket read/write error
[UID:1638][472632] Child process with pid: 1009294 was killed by signal: 15, core dump: 0
[UID:1638][472632] Child process with pid: 1010286 was killed by signal: 15, core dump: 0
[UID:1638][472632] Child process with pid: 1010293 was killed by signal: 15, core dump: 0
[UID:1638][472632] Child process with pid: 1010217 was killed by signal: 15, core dump: 0
[UID:1638][472632] Child process with pid: 1021953 was killed by signal: 15, core dump: 0
OSError: LSAPI: Socket read/write error
[UID:1638][472632] Child process with pid: 1023192 was killed by signal: 15, core dump: 0
OSError: LSAPI: Socket read/write error
[UID:1638][472632] Child process with pid: 1043587 was killed by signal: 15, core dump: 0
OSError: LSAPI: Socket read/write error
[UID:1638][472632] Child process with pid: 1043652 was killed by signal: 15, core dump: 0
[UID:1638][472632] Child process with pid: 1052831 was killed by signal: 15, core dump: 0
OSError: LSAPI: Socket read/write error
[UID:1638][472632] Child process with pid: 1069546 was killed by signal: 15, core dump: 0
[UID:1638][472632] Child process with pid: 1061520 was killed by signal: 15, core dump: 0
OSError: LSAPI: Socket read/write error
[UID:1638][472632] Child process with pid: 1068466 was killed by signal: 15, core dump: 0
[UID:1638][472632] Child process with pid: 1069588 was killed by signal: 15, core dump: 0
[UID:1638][472632] Child process with pid: 1069638 was killed by signal: 15, core dump: 0
[UID:1638][472632] Child process with pid: 1079306 was killed by signal: 15, core dump: 0
[UID:1638][472632] Child process with pid: 1079335 was killed by signal: 15, core dump: 0
OSError: LSAPI: Socket read/write error
OSError: LSAPI: Socket read/write error
[UID:1638][472632] Child process with pid: 1099413 was killed by signal: 15, core dump: 0
[UID:1638][472632] Child process with pid: 1099412 was killed by signal: 15, core dump: 0
OSError: LSAPI: Socket read/write error
OSError: LSAPI: Socket read/write error
OSError: LSAPI: Socket read/write error
[UID:1638][472632] Child process with pid: 1113051 was killed by signal: 15, core dump: 0
OSError: LSAPI: Socket read/write error
[UID:1638][472632] Child process with pid: 1116073 was killed by signal: 15, core dump: 0
[UID:1638][472632] Child process with pid: 1121642 was killed by signal: 15, core dump: 0
OSError: LSAPI: Socket read/write error
[UID:1638][472632] Child process with pid: 1132356 was killed by signal: 15, core dump: 0
[UID:1638][472632] Child process with pid: 1143328 was killed by signal: 15, core dump: 0
[UID:1638][472632] Child process with pid: 1150649 was killed by signal: 15, core dump: 0
[UID:1638][472632] Child process with pid: 1148206 was killed by signal: 15, core dump: 0
OSError: LSAPI: Socket read/write error
OSError: LSAPI: Socket read/write error
[UID:1638][472632] Child process with pid: 1165101 was killed by signal: 15, core dump: 0
[UID:1638][472632] Child process with pid: 1175646 was killed by signal: 15, core dump: 0
OSError: LSAPI: Socket read/write error
OSError: LSAPI: Socket read/write error
[UID:1638][472632] Child process with pid: 1199740 was killed by signal: 15, core dump: 0
[UID:1638][472632] Child process with pid: 1200048 was killed by signal: 15, core dump: 0
[UID:1638][472632] Child process with pid: 1229662 was killed by signal: 15, core dump: 0
OSError: LSAPI: Socket read/write error
OSError: LSAPI: Socket read/write error
OSError: LSAPI: Socket read/write error
[UID:1638][472632] Child process with pid: 1374636 was killed by signal: 15, core dump: 0
[UID:1638][1454187] Child process with pid: 1454665 was killed by signal: 15, core dump: 0
OSError: LSAPI: Socket read/write error
